<?xml version="1.0" encoding="UTF-8"?>
<!-- Generated by org.testng.reporters.JUnitReportReporter -->
<testsuite hostname="DESKTOP-SCKF30Q" failures="0" tests="1" name="com.hrassistant.EditEmployee_FromHRA_CheckFromHRH_TC_24_test" time="286.847" errors="0" timestamp="2023-11-24T13:31:11 IST" skipped="0">
  <testcase classname="com.hrassistant.EditEmployee_FromHRA_CheckFromHRH_TC_24_test" name="tc_24_test" time="286.847"/>
  <system-out>
    <![CDATA[tc_24_test---Testscript execution starts from here---
tc_24_test---Testscript excuted successfully---]]>
  </system-out>
</testsuite> <!-- com.hrassistant.EditEmployee_FromHRA_CheckFromHRH_TC_24_test -->
