<?xml version="1.0" encoding="UTF-8"?>
<!-- Generated by org.testng.reporters.JUnitReportReporter -->
<testsuite hostname="DESKTOP-SCKF30Q" failures="0" tests="1" name="com.hrofficer.DeleteEmployee_FromHRO_Check_Employee_KPI_TC_09_test" time="225.938" errors="0" timestamp="2023-11-24T13:31:11 IST" skipped="0">
  <testcase classname="com.hrofficer.DeleteEmployee_FromHRO_Check_Employee_KPI_TC_09_test" name="tc_09_test" time="225.938"/>
  <system-out>
    <![CDATA[tc_09_test---Testscript execution starts from here---
tc_09_test---Testscript excuted successfully---]]>
  </system-out>
</testsuite> <!-- com.hrofficer.DeleteEmployee_FromHRO_Check_Employee_KPI_TC_09_test -->
