<?xml version="1.0" encoding="UTF-8"?>
<!-- Generated by org.testng.reporters.JUnitReportReporter -->
<testsuite hostname="DESKTOP-SCKF30Q" failures="0" tests="1" name="com.admin.AddEmployeeHRH_Check_Employee_FromHRO_TC_54_test" time="228.705" errors="0" timestamp="2023-11-24T13:31:11 IST" skipped="0">
  <testcase classname="com.admin.AddEmployeeHRH_Check_Employee_FromHRO_TC_54_test" name="tc_54_test" time="228.705"/>
  <system-out>
    <![CDATA[tc_54_test---Testscript execution starts from here---
tc_54_test---Testscript excuted successfully---]]>
  </system-out>
</testsuite> <!-- com.admin.AddEmployeeHRH_Check_Employee_FromHRO_TC_54_test -->
