<?xml version="1.0" encoding="UTF-8"?>
<!-- Generated by org.testng.reporters.JUnitReportReporter -->
<testsuite hostname="DESKTOP-SCKF30Q" failures="0" tests="1" name="com.hrofficer.DeleteEmployee_FromHRO_Check_EmployeeCount_TC_09_test" time="165.044" errors="0" timestamp="2023-11-29T15:18:28 IST" skipped="0">
  <testcase classname="com.hrofficer.DeleteEmployee_FromHRO_Check_EmployeeCount_TC_09_test" name="tc_09_test" time="165.044"/>
  <system-out/>
</testsuite> <!-- com.hrofficer.DeleteEmployee_FromHRO_Check_EmployeeCount_TC_09_test -->
