<?xml version="1.0" encoding="UTF-8"?>
<!-- Generated by org.testng.reporters.JUnitReportReporter -->
<testsuite hostname="DESKTOP-SCKF30Q" failures="0" tests="1" name="com.admin.CreateHRHead_DowngradeTo_HROfficer_AddEmployee_TC_31" time="316.812" errors="0" timestamp="2023-11-24T13:31:11 IST" skipped="0">
  <testcase classname="com.admin.CreateHRHead_DowngradeTo_HROfficer_AddEmployee_TC_31" name="tc_31_test" time="316.812"/>
  <system-out>
    <![CDATA[tc_31_test---Testscript execution starts from here---
tc_31_test---Testscript excuted successfully---]]>
  </system-out>
</testsuite> <!-- com.admin.CreateHRHead_DowngradeTo_HROfficer_AddEmployee_TC_31 -->
