<?xml version="1.0" encoding="UTF-8"?>
<!-- Generated by org.testng.reporters.JUnitReportReporter -->
<testsuite hostname="DESKTOP-SCKF30Q" failures="0" tests="1" name="com.admin.AddEmployee_TC_01_test" time="253.982" errors="0" timestamp="2023-11-24T13:31:11 IST" skipped="0">
  <testcase classname="com.admin.AddEmployee_TC_01_test" name="tc_01_test" time="253.982"/>
  <system-out>
    <![CDATA[tc_01_test---Testscript execution starts from here---
tc_01_test---Testscript excuted successfully---]]>
  </system-out>
</testsuite> <!-- com.admin.AddEmployee_TC_01_test -->
