<?xml version="1.0" encoding="UTF-8"?>
<!-- Generated by org.testng.reporters.JUnitReportReporter -->
<testsuite hostname="DESKTOP-SCKF30Q" failures="0" tests="3" name="com.admin.LoginAsHOA" time="10.525" errors="0" timestamp="2023-11-27T16:59:55 IST" skipped="0">
  <testcase classname="com.admin.LoginAsHOA" name="loginAndCheckAccess" time="2.160"/>
  <system-out/>
  <testcase classname="com.admin.LoginAsHOA" name="loginAndCheckAccess" time="5.663"/>
  <system-out/>
  <testcase classname="com.admin.LoginAsHOA" name="loginAndCheckAccess" time="2.702"/>
  <system-out/>
</testsuite> <!-- com.admin.LoginAsHOA -->
